<?xml version="1.0" encoding="UTF-8"?>
<!-- Generated by org.testng.reporters.JUnitXMLReporter -->
<testsuite ignored="0" hostname="ITEM-S135709" failures="1" tests="1" name="Selenium.SurajFresh" time="43.449" errors="0" timestamp="2024-08-22T16:16:44 IST">
  <testcase classname="Selenium.SurajFresh.FlipkartLoginPageTest" name="test" time="32.244">
    <failure type="java.lang.AssertionError" message="Case is passed expected [false] but found [true]">
      <![CDATA[java.lang.AssertionError: Case is passed expected [false] but found [true]
at Selenium.SurajFresh.FlipkartLoginPageTest.test(FlipkartLoginPageTest.java:21)
at java.base/java.util.ArrayList.forEach(ArrayList.java:1511)
... Removed 30 stack frames]]>
    </failure>
  </testcase> <!-- test -->
</testsuite> <!-- Selenium.SurajFresh -->
