<?xml version="1.0" encoding="UTF-8"?>
<!-- Generated by org.testng.reporters.JUnitXMLReporter -->
<testsuite ignored="2" hostname="SurajSaini" failures="0" tests="3" name="Flipkart Test Execution" time="0.05" errors="0" timestamp="2024-10-26T23:22:39 PDT">
  <testcase classname="com.flipkart.flipkartprojectsdet.BaseClass" name="@BeforeTest browserSetup" time="0.004">
    <failure type="java.io.FileNotFoundException" message="C:\SURAJ\Backup_29122021\Work\Traning\seleniumsep\Fresh\SurajFresh\resources\config.properties (The system cannot find the path specified)">
      <![CDATA[java.io.FileNotFoundException: C:\SURAJ\Backup_29122021\Work\Traning\seleniumsep\Fresh\SurajFresh\resources\config.properties (The system cannot find the path specified)
at java.base/java.io.FileInputStream.open0(Native Method)
at java.base/java.io.FileInputStream.open(FileInputStream.java:219)
at java.base/java.io.FileInputStream.<init>(FileInputStream.java:159)
at java.base/java.io.FileInputStream.<init>(FileInputStream.java:112)
at com.flipkart.flipkartprojectpage.readPropFile.<init>(readPropFile.java:13)
at com.flipkart.flipkartprojectsdet.BaseClass.browserSetup(BaseClass.java:23)
... Removed 22 stack frames]]>
    </failure>
  </testcase> <!-- @BeforeTest browserSetup -->
  <testcase classname="com.flipkart.flipkartprojectsdet.BaseClass" name="@AfterTest browserQuit" time="-1.730010159494E9">
    <skipped/>
  </testcase> <!-- @AfterTest browserQuit -->
  <testcase classname="com.flipkart.flipkartprojectsdet.FlipkartLoginPageTest" name="test" time="0.0">
    <skipped/>
  </testcase> <!-- test -->
  <testcase classname="com.flipkart.flipkartprojectsdet.SearchPageTest" name="testSearchPrice" time="0.0">
    <skipped/>
  </testcase> <!-- testSearchPrice -->
  <testcase classname="com.flipkart.flipkartprojectsdet.SearchPageTest" name="testSearchResult" time="0.0">
    <skipped/>
  </testcase> <!-- testSearchResult -->
  <testcase classname="com.flipkart.flipkartprojectsdet.BaseClass" name="@BeforeTest browserSetup" time="0.0">
    <ignored/>
  </testcase> <!-- @BeforeTest browserSetup -->
  <testcase classname="com.flipkart.flipkartprojectsdet.BaseClass" name="@AfterTest browserQuit" time="0.0">
    <ignored/>
  </testcase> <!-- @AfterTest browserQuit -->
</testsuite> <!-- Flipkart Test Execution -->
