<?xml version="1.0" encoding="UTF-8"?>
<testng-results ignored="0" total="1" passed="1" failed="0" skipped="0">
  <reporter-output>
  </reporter-output>
  <suite started-at="2024-08-23T11:02:32 IST" name="Default suite" finished-at="2024-08-23T11:02:47 IST" duration-ms="15144">
    <groups>
    </groups>
    <test started-at="2024-08-23T11:02:32 IST" name="Default test" finished-at="2024-08-23T11:02:47 IST" duration-ms="15144">
      <class name="Selenium.SurajFresh.SearchPageTest">
        <test-method is-config="true" signature="browserSetup()[pri:0, instance:Selenium.SurajFresh.SearchPageTest@57d7f8ca]" started-at="2024-08-23T11:02:32 IST" name="browserSetup" finished-at="2024-08-23T11:02:40 IST" duration-ms="7601" status="PASS">
          <reporter-output>
          </reporter-output>
        </test-method> <!-- browserSetup -->
        <test-method signature="testSearchPage()[pri:0, instance:Selenium.SurajFresh.SearchPageTest@57d7f8ca]" started-at="2024-08-23T11:02:40 IST" name="testSearchPage" finished-at="2024-08-23T11:02:47 IST" duration-ms="6786" status="PASS">
          <reporter-output>
          </reporter-output>
        </test-method> <!-- testSearchPage -->
        <test-method is-config="true" signature="browserQuit()[pri:0, instance:Selenium.SurajFresh.SearchPageTest@57d7f8ca]" started-at="2024-08-23T11:02:47 IST" name="browserQuit" finished-at="2024-08-23T11:02:47 IST" duration-ms="651" status="PASS">
          <reporter-output>
          </reporter-output>
        </test-method> <!-- browserQuit -->
      </class> <!-- Selenium.SurajFresh.SearchPageTest -->
    </test> <!-- Default test -->
  </suite> <!-- Default suite -->
</testng-results>
